Determining if the pthread_create exist failed with the following output:
Change Dir: /home/exca/ros_ws/src/navigation/costmap_2d/cmake-build-debug/CMakeFiles/CMakeTmp

Run Build Command:"/usr/bin/make" "cmTC_3cb4c/fast"
/usr/bin/make -f CMakeFiles/cmTC_3cb4c.dir/build.make CMakeFiles/cmTC_3cb4c.dir/build
make[1]: Entering directory '/home/exca/ros_ws/src/navigation/costmap_2d/cmake-build-debug/CMakeFiles/CMakeTmp'
Building C object CMakeFiles/cmTC_3cb4c.dir/CheckSymbolExists.c.o
/usr/bin/cc    -o CMakeFiles/cmTC_3cb4c.dir/CheckSymbolExists.c.o   -c /home/exca/ros_ws/src/navigation/costmap_2d/cmake-build-debug/CMakeFiles/CMakeTmp/CheckSymbolExists.c
Linking C executable cmTC_3cb4c
/opt/clion-2018.3.4/bin/cmake/linux/bin/cmake -E cmake_link_script CMakeFiles/cmTC_3cb4c.dir/link.txt --verbose=1
/usr/bin/cc      -rdynamic CMakeFiles/cmTC_3cb4c.dir/CheckSymbolExists.c.o  -o cmTC_3cb4c 
CMakeFiles/cmTC_3cb4c.dir/CheckSymbolExists.c.o: In function `main':
CheckSymbolExists.c:(.text+0x16): undefined reference to `pthread_create'
collect2: error: ld returned 1 exit status
CMakeFiles/cmTC_3cb4c.dir/build.make:86: recipe for target 'cmTC_3cb4c' failed
make[1]: *** [cmTC_3cb4c] Error 1
make[1]: Leaving directory '/home/exca/ros_ws/src/navigation/costmap_2d/cmake-build-debug/CMakeFiles/CMakeTmp'
Makefile:121: recipe for target 'cmTC_3cb4c/fast' failed
make: *** [cmTC_3cb4c/fast] Error 2

File /home/exca/ros_ws/src/navigation/costmap_2d/cmake-build-debug/CMakeFiles/CMakeTmp/CheckSymbolExists.c:
/* */
#include <pthread.h>

int main(int argc, char** argv)
{
  (void)argv;
#ifndef pthread_create
  return ((int*)(&pthread_create))[argc];
#else
  (void)argc;
  return 0;
#endif
}

Determining if the function pthread_create exists in the pthreads failed with the following output:
Change Dir: /home/exca/ros_ws/src/navigation/costmap_2d/cmake-build-debug/CMakeFiles/CMakeTmp

Run Build Command:"/usr/bin/make" "cmTC_d6e0f/fast"
/usr/bin/make -f CMakeFiles/cmTC_d6e0f.dir/build.make CMakeFiles/cmTC_d6e0f.dir/build
make[1]: Entering directory '/home/exca/ros_ws/src/navigation/costmap_2d/cmake-build-debug/CMakeFiles/CMakeTmp'
Building C object CMakeFiles/cmTC_d6e0f.dir/CheckFunctionExists.c.o
/usr/bin/cc   -DCHECK_FUNCTION_EXISTS=pthread_create   -o CMakeFiles/cmTC_d6e0f.dir/CheckFunctionExists.c.o   -c /opt/clion-2018.3.4/bin/cmake/linux/share/cmake-3.13/Modules/CheckFunctionExists.c
Linking C executable cmTC_d6e0f
/opt/clion-2018.3.4/bin/cmake/linux/bin/cmake -E cmake_link_script CMakeFiles/cmTC_d6e0f.dir/link.txt --verbose=1
/usr/bin/cc  -DCHECK_FUNCTION_EXISTS=pthread_create    -rdynamic CMakeFiles/cmTC_d6e0f.dir/CheckFunctionExists.c.o  -o cmTC_d6e0f -lpthreads 
/usr/bin/ld: cannot find -lpthreads
collect2: error: ld returned 1 exit status
CMakeFiles/cmTC_d6e0f.dir/build.make:86: recipe for target 'cmTC_d6e0f' failed
make[1]: *** [cmTC_d6e0f] Error 1
make[1]: Leaving directory '/home/exca/ros_ws/src/navigation/costmap_2d/cmake-build-debug/CMakeFiles/CMakeTmp'
Makefile:121: recipe for target 'cmTC_d6e0f/fast' failed
make: *** [cmTC_d6e0f/fast] Error 2


